<?xml version="1.0" encoding="UTF-8"?>
<testng-results skipped="0" failed="0" ignored="0" total="1" passed="1">
  <reporter-output>
  </reporter-output>
  <suite name="Default suite" duration-ms="30924" started-at="2020-07-28T07:21:47Z" finished-at="2020-07-28T07:22:18Z">
    <groups>
    </groups>
    <test name="Default test" duration-ms="30924" started-at="2020-07-28T07:21:47Z" finished-at="2020-07-28T07:22:18Z">
      <class name="testScriptsFerrodirect2patient.RegressionTestFerro">
        <test-method status="PASS" signature="beforeMethod()[pri:0, instance:testScriptsFerrodirect2patient.RegressionTestFerro@604ed9f0]" name="beforeMethod" is-config="true" duration-ms="20556" started-at="2020-07-28T07:21:47Z" finished-at="2020-07-28T07:22:08Z">
          <reporter-output>
          </reporter-output>
        </test-method> <!-- beforeMethod -->
        <test-method status="PASS" signature="verifyProductSelectedisAddedtoCart()[pri:0, instance:testScriptsFerrodirect2patient.RegressionTestFerro@604ed9f0]" name="verifyProductSelectedisAddedtoCart" duration-ms="10337" started-at="2020-07-28T07:22:08Z" finished-at="2020-07-28T07:22:18Z">
          <reporter-output>
          </reporter-output>
        </test-method> <!-- verifyProductSelectedisAddedtoCart -->
        <test-method status="PASS" signature="afterMethod()[pri:0, instance:testScriptsFerrodirect2patient.RegressionTestFerro@604ed9f0]" name="afterMethod" is-config="true" duration-ms="3" started-at="2020-07-28T07:22:18Z" finished-at="2020-07-28T07:22:18Z">
          <reporter-output>
          </reporter-output>
        </test-method> <!-- afterMethod -->
      </class> <!-- testScriptsFerrodirect2patient.RegressionTestFerro -->
    </test> <!-- Default test -->
  </suite> <!-- Default suite -->
</testng-results>
